<?xml version="1.0" encoding="UTF-8"?>
<!-- Generated by org.testng.reporters.JUnitXMLReporter -->
<testsuite ignored="0" hostname="LAPTOP-0USLP61E" failures="0" tests="4" name="Default test" time="44.656" errors="0" timestamp="2025-03-04T15:32:40 IST">
  <testcase classname="practiceTestNG.practiceDataProviderDynamicWebElementTest" name="PrintPriceTest" time="11.199"/>
  <testcase classname="practiceTestNG.practiceDataProviderDynamicWebElementTest" name="PrintPriceTest" time="15.656"/>
  <testcase classname="practiceTestNG.practiceDataProviderDynamicWebElementTest" name="PrintPriceTest" time="7.831"/>
  <testcase classname="practiceTestNG.practiceDataProviderDynamicWebElementTest" name="PrintPriceTest" time="9.417"/>
</testsuite> <!-- Default test -->
