<?xml version="1.0" encoding="UTF-8"?>
<testng-results ignored="0" total="4" passed="4" failed="0" skipped="0">
  <reporter-output>
  </reporter-output>
  <suite started-at="2025-03-04T15:31:56 IST" name="Default suite" finished-at="2025-03-04T15:32:40 IST" duration-ms="44656">
    <groups>
    </groups>
    <test started-at="2025-03-04T15:31:56 IST" name="Default test" finished-at="2025-03-04T15:32:40 IST" duration-ms="44656">
      <class name="practiceTestNG.practiceDataProviderDynamicWebElementTest">
        <test-method signature="PrintPriceTest(java.lang.String,java.lang.String)[pri:0, instance:practiceTestNG.practiceDataProviderDynamicWebElementTest@738dc9b]" started-at="2025-03-04T15:31:56 IST" name="PrintPriceTest" data-provider="getData" finished-at="2025-03-04T15:32:07 IST" duration-ms="11199" status="PASS">
          <params>
            <param index="0">
              <value>
                <![CDATA[iphone]]>
              </value>
            </param>
            <param index="1">
              <value>
                <![CDATA[Apple iPhone 15 (256 GB) - Black]]>
              </value>
            </param>
          </params>
          <reporter-output>
          </reporter-output>
        </test-method> <!-- PrintPriceTest -->
        <test-method signature="PrintPriceTest(java.lang.String,java.lang.String)[pri:0, instance:practiceTestNG.practiceDataProviderDynamicWebElementTest@738dc9b]" started-at="2025-03-04T15:32:07 IST" name="PrintPriceTest" data-provider="getData" finished-at="2025-03-04T15:32:23 IST" duration-ms="15656" status="PASS">
          <params>
            <param index="0">
              <value>
                <![CDATA[iphone]]>
              </value>
            </param>
            <param index="1">
              <value>
                <![CDATA[Apple iPhone 15 (128 GB) - Blue]]>
              </value>
            </param>
          </params>
          <reporter-output>
          </reporter-output>
        </test-method> <!-- PrintPriceTest -->
        <test-method signature="PrintPriceTest(java.lang.String,java.lang.String)[pri:0, instance:practiceTestNG.practiceDataProviderDynamicWebElementTest@738dc9b]" started-at="2025-03-04T15:32:23 IST" name="PrintPriceTest" data-provider="getData" finished-at="2025-03-04T15:32:31 IST" duration-ms="7831" status="PASS">
          <params>
            <param index="0">
              <value>
                <![CDATA[iphone]]>
              </value>
            </param>
            <param index="1">
              <value>
                <![CDATA[Apple iPhone 15 (128 GB) - Pink]]>
              </value>
            </param>
          </params>
          <reporter-output>
          </reporter-output>
        </test-method> <!-- PrintPriceTest -->
        <test-method signature="PrintPriceTest(java.lang.String,java.lang.String)[pri:0, instance:practiceTestNG.practiceDataProviderDynamicWebElementTest@738dc9b]" started-at="2025-03-04T15:32:31 IST" name="PrintPriceTest" data-provider="getData" finished-at="2025-03-04T15:32:40 IST" duration-ms="9417" status="PASS">
          <params>
            <param index="0">
              <value>
                <![CDATA[iphone]]>
              </value>
            </param>
            <param index="1">
              <value>
                <![CDATA[Apple iPhone 14 (128 GB) - Starlight]]>
              </value>
            </param>
          </params>
          <reporter-output>
          </reporter-output>
        </test-method> <!-- PrintPriceTest -->
      </class> <!-- practiceTestNG.practiceDataProviderDynamicWebElementTest -->
    </test> <!-- Default test -->
  </suite> <!-- Default suite -->
</testng-results>
